MPI/EX (IBA): command Version 1.5.0 (2. April 2004): Copyright (c) NEC Corporation 2001-2004
MPI/EX (IBA): daemon  Version 1.5.0 (29. June 2004): Copyright (c) NEC Corporation 1996-2004
MPI/EX (IBA) comm: only SV shmem will be used
mpid: Slave daemon mpid started on host `dino5.ccrl-nece.de'
mpid: Slave daemon mpid started on host `dino14.ccrl-nece.de'
mpid: Slave daemon mpid started on host `dino8.ccrl-nece.de'

Values of significant variables used by MPI/EX (IBA):
-----------------------------------------------

  DISPLAY         = 
  MPICOLLORDER    = OFF
  MPICOMMINF      = NO
  MPIPROGINF      = NO
  MPISUSPEND      = OFF
  MPIVERSION      = ON

Derived and further values:
---------------------------

  Wait method              : Busy waiting
  Global memory            : System V Shared Memory 
  Inter Node Communication : TCP/IP

Multi-node Job limits:
----------------------

  Interactive jobs      = 0

mpid: Creating 4 processes of '/home/joachim/benchmarks/NPB/bin/nec-intel9/ft.C.16' on local host dino0.ccrl-nece.de
mpid: Creating 4 processes of '/home/joachim/benchmarks/NPB/bin/nec-intel9/ft.C.16' on slave host dino5.ccrl-nece.de
mpid: Creating 4 processes of '/home/joachim/benchmarks/NPB/bin/nec-intel9/ft.C.16' on slave host dino14.ccrl-nece.de
mpid: Creating 4 processes of '/home/joachim/benchmarks/NPB/bin/nec-intel9/ft.C.16' on slave host dino8.ccrl-nece.de
/opt/NECmpi/lib/mpi/mpid: Creating 4 processes of '/home/joachim/benchmarks/NPB/bin/nec-intel9/ft.C.16' on local host dino14.ccrl-nece.de
/opt/NECmpi/lib/mpi/mpid: Creating 4 processes of '/home/joachim/benchmarks/NPB/bin/nec-intel9/ft.C.16' on local host dino5.ccrl-nece.de
/opt/NECmpi/lib/mpi/mpid: Creating 4 processes of '/home/joachim/benchmarks/NPB/bin/nec-intel9/ft.C.16' on local host dino8.ccrl-nece.de
MPI/EX (IBA): library Version 1.3.2pre3 (20. January 2006): Copyright (c) NEC Corporation 1997-2006


 NAS Parallel Benchmarks 2.4 -- FT Benchmark

 No input file inputft.data. Using compiled defaults
 Size                :  512x 512x 512
 Iterations          :          20
 Number of processes :          16
 Processor array     :       1x 16
 Layout type         :          1D
 T =    1     Checksum =    5.195078707457D+02    5.149019699238D+02
 T =    2     Checksum =    5.155422171134D+02    5.127578201997D+02
 T =    3     Checksum =    5.144678022222D+02    5.122251847514D+02
 T =    4     Checksum =    5.140150594328D+02    5.121090289018D+02
 T =    5     Checksum =    5.137550426810D+02    5.121143685824D+02
 T =    6     Checksum =    5.135811056728D+02    5.121496764568D+02
 T =    7     Checksum =    5.134569343165D+02    5.121870921893D+02
 T =    8     Checksum =    5.133651975661D+02    5.122193250322D+02
 T =    9     Checksum =    5.132955192805D+02    5.122454735794D+02
 T =   10     Checksum =    5.132410471738D+02    5.122663649603D+02
 T =   11     Checksum =    5.131971141679D+02    5.122830879827D+02
 T =   12     Checksum =    5.131605205716D+02    5.122965869718D+02
 T =   13     Checksum =    5.131290734194D+02    5.123075927445D+02
 T =   14     Checksum =    5.131012720314D+02    5.123166486553D+02
 T =   15     Checksum =    5.130760908195D+02    5.123241541685D+02
 T =   16     Checksum =    5.130528295923D+02    5.123304037599D+02
 T =   17     Checksum =    5.130310107773D+02    5.123356167976D+02
 T =   18     Checksum =    5.130103090133D+02    5.123399592211D+02
 T =   19     Checksum =    5.129905029333D+02    5.123435588985D+02
 T =   20     Checksum =    5.129714421109D+02    5.123465164008D+02
 Result verification successful
 class = C


 FT Benchmark Completed.
 Class           =                        C
 Size            =            512x 512x 512
 Iterations      =                       20
 Time in seconds =                   109.07
 Total processes =                       16
 Compiled procs  =                       16
 Mop/s total     =                  3634.23
 Mop/s/process   =                   227.14
 Operation type  =           floating point
 Verification    =               SUCCESSFUL
 Version         =                      2.4
 Compile date    =              13 Feb 2006

 Compile options:
    MPIF77       = ifort
    FLINK        = ${MPIF77}
    FMPI_LIB     = -L/opt/TOPSPIN/lib64 -lvapi -lmosal -L/opt/...
    FMPI_INC     = -I/opt/NECmpi/include
    FFLAGS       = -O3 -xW
    FLINKFLAGS   = (none)
    RAND         = randi8


 Please send the results of this run to:

 NPB Development Team 
 Internet: npb@nas.nasa.gov
 
 If email is not available, send this to:

 MS T27A-1
 NASA Ames Research Center
 Moffett Field, CA  94035-1000

 Fax: 650-604-3957


