# running on the folowing nodes:
dino2.ccrl-nece.de
dino11.ccrl-nece.de
dino3.ccrl-nece.de
dino6.ccrl-nece.de
MPI/PC (IBA): command Version 1.0.4 (14. March 2006): Copyright (c) NEC Corporation 2003-2006
/opt/NECmpi/bin/mpirun: Creating MPI daemon mpid on local host
MPI/PC (IBA): daemon  Version 1.0.3 (17. March 2006): Copyright (c) NEC Corporation 1996-2006

Values of significant variables used by MPI/PC (IBA):
-----------------------------------------------------

  DISPLAY         = 
  MPICOLLORDER    = OFF
  MPICOMMINF      = NO
  MPIPROGINF      = YES
  MPISUSPEND      = OFF
  MPIVERSION      = ON

Derived and further values:
---------------------------

  Wait method              : Busy waiting
  Global memory            : System V Shared Memory 
  Inter Node Communication : Infiniband

Multi-node Job limits:
----------------------

  Interactive jobs      = 0

mpid: Creating 1 process of '/home/joachim/benchmarks/NPB/bin/nec-intel9-ib/lu.C.4' on local host dino2.ccrl-nece.de
mpid: Creating 1 process of '/home/joachim/benchmarks/NPB/bin/nec-intel9-ib/lu.C.4' on slave host dino11.ccrl-nece.de
mpid: Creating 1 process of '/home/joachim/benchmarks/NPB/bin/nec-intel9-ib/lu.C.4' on slave host dino3.ccrl-nece.de
mpid: Creating 1 process of '/home/joachim/benchmarks/NPB/bin/nec-intel9-ib/lu.C.4' on slave host dino6.ccrl-nece.de
/opt/NECmpi/lib/mpi/mpid: Creating 1 process of '/home/joachim/benchmarks/NPB/bin/nec-intel9-ib/lu.C.4' on local host dino11.ccrl-nece.de
/opt/NECmpi/lib/mpi/mpid: Creating 1 process of '/home/joachim/benchmarks/NPB/bin/nec-intel9-ib/lu.C.4' on local host dino3.ccrl-nece.de
/opt/NECmpi/lib/mpi/mpid: Creating 1 process of '/home/joachim/benchmarks/NPB/bin/nec-intel9-ib/lu.C.4' on local host dino6.ccrl-nece.de
MPI/PC (IB): library Version 1.0.1 (17. March 2006): Copyright (c) NEC Corporation 1997-2006


 NAS Parallel Benchmarks 2.4 -- LU Benchmark

 Size: 162x162x162
 Iterations: 250
 Number of processes:     4

 Time step    1
 Time step   20
 Time step   40
 Time step   60
 Time step   80
 Time step  100
 Time step  120
 Time step  140
 Time step  160
 Time step  180
 Time step  200
 Time step  220
 Time step  240
 Time step  250

 Verification being performed for class C
 Accuracy setting for epsilon =  0.1000000000000E-07
 Comparison of RMS-norms of residual
           1   0.1037669803235E+05 0.1037669803235E+05 0.2629433849584E-14
           2   0.8922124588010E+03 0.8922124588010E+03 0.6498484376237E-14
           3   0.2562388145827E+04 0.2562388145827E+04 0.9938327138735E-14
           4   0.2191943438578E+04 0.2191943438578E+04 0.3526872468061E-14
           5   0.1780780572611E+05 0.1780780572611E+05 0.1838621207318E-14
 Comparison of RMS-norms of solution error
           1   0.2159863997169E+03 0.2159863997169E+03 0.5395201217177E-14
           2   0.1557895592399E+02 0.1557895592399E+02 0.1710342639200E-14
           3   0.5413188630772E+02 0.5413188630772E+02 0.3937842097655E-15
           4   0.4822626431540E+02 0.4822626431540E+02 0.6482749766595E-14
           5   0.4559029100432E+03 0.4559029100433E+03 0.3241762352955E-14
 Comparison of surface integral
               0.6664045535722E+02 0.6664045535722E+02 0.1066233314210E-14
 Verification Successful


 LU Benchmark Completed.
 Class           =                        C
 Size            =            162x 162x 162
 Iterations      =                      250
 Time in seconds =                   818.40
 Total processes =                        4
 Compiled procs  =                        4
 Mop/s total     =                  2491.45
 Mop/s/process   =                   622.86
 Operation type  =           floating point
 Verification    =               SUCCESSFUL
 Version         =                      2.4
 Compile date    =              31 Mar 2006

 Compile options:
    MPIF77       = ifort
    FLINK        = ${MPIF77}
    FMPI_LIB     = -L/opt/TOPSPIN/lib64 -lvapi -lmosal -L/opt/...
    FMPI_INC     = -I/opt/NECmpi/include
    FFLAGS       = -O3 -xW
    FLINKFLAGS   = (none)
    RAND         = (none)


 Please send the results of this run to:

 NPB Development Team 
 Internet: npb@nas.nasa.gov
 
 If email is not available, send this to:

 MS T27A-1
 NASA Ames Research Center
 Moffett Field, CA  94035-1000

 Fax: 650-604-3957


